2026-01-10 14:23:18.628 [TestNG-test=Mobile Tests-1] ERROR c.f.l.EnhancedTestListener - Test FAILED: com.framework.tests.SecurityMattersTest.testAgreeAndContinueButtonClickable (79ms)
2026-01-10 14:23:18.714 [TestNG-test=Mobile Tests-1] ERROR c.f.l.EnhancedTestListener - Test FAILED: com.framework.tests.SecurityMattersTest.testSecurityMattersScreenElementsVisible (1ms)
2026-01-10 14:28:26.987 [TestNG-test=Mobile Tests-1] ERROR c.f.l.EnhancedTestListener - Test FAILED: com.framework.tests.SecurityMattersTest.testAgreeAndContinueButtonClickable (24923ms)
2026-01-10 14:28:38.643 [TestNG-test=Mobile Tests-1] ERROR c.f.l.EnhancedTestListener - Test FAILED: com.framework.tests.SecurityMattersTest.testSecurityMattersScreenElementsVisible (10356ms)
2026-01-10 14:35:36.591 [TestNG-test=Mobile Tests-1] ERROR c.f.l.EnhancedTestListener - Test FAILED: com.framework.tests.SecurityMattersTest.testSecurityMattersScreenElementsVisible (11312ms)
2026-01-10 17:38:01.643 [TestNG-test=Mobile Tests-1] ERROR c.f.l.EnhancedTestListener - Test FAILED: com.framework.tests.SecurityMattersTest.testSecurityMattersScreenElementsVisible (11272ms)
2026-01-10 17:49:17.478 [TestNG-test=Mobile Tests-1] ERROR c.f.l.EnhancedTestListener - Test FAILED: com.framework.tests.SecurityMattersTest.testSecurityMattersScreenElementsVisible (11035ms)
2026-01-10 18:29:42.507 [TestNG-test=Mobile Tests-1] ERROR c.f.l.EnhancedTestListener - Test FAILED: com.framework.tests.SecurityMattersTest.testSecurityMattersScreenElementsVisible (10988ms)
2026-01-10 18:32:54.553 [TestNG-test=Mobile Tests-1] ERROR c.f.l.EnhancedTestListener - Test FAILED: com.framework.tests.SecurityMattersTest.testSecurityMattersScreenElementsVisible (11210ms)
